c:\users\rnain\downloads\acrobat_dc_sdk_windows_2021_v2\adobe\acrobat dc sdk\version 1\pluginsupport\samples\starter\win32\debug\starter.bsc
c:\users\rnain\downloads\acrobat_dc_sdk_windows_2021_v2\adobe\acrobat dc sdk\version 1\pluginsupport\samples\starter\win32\starter.pdb
c:\users\rnain\downloads\acrobat_dc_sdk_windows_2021_v2\adobe\acrobat dc sdk\version 1\pluginsupport\samples\starter\win32\starter.idb
c:\users\rnain\downloads\acrobat_dc_sdk_windows_2021_v2\adobe\acrobat dc sdk\version 1\pluginsupport\samples\starter\win32\debug\pimain.sbr
c:\users\rnain\downloads\acrobat_dc_sdk_windows_2021_v2\adobe\acrobat dc sdk\version 1\pluginsupport\samples\starter\win32\debug\pimain.obj
c:\users\rnain\downloads\acrobat_dc_sdk_windows_2021_v2\adobe\acrobat dc sdk\version 1\pluginsupport\samples\starter\win32\debug\starterinit.sbr
c:\users\rnain\downloads\acrobat_dc_sdk_windows_2021_v2\adobe\acrobat dc sdk\version 1\pluginsupport\samples\starter\win32\debug\starterinit.obj
c:\users\rnain\downloads\acrobat_dc_sdk_windows_2021_v2\adobe\acrobat dc sdk\version 1\pluginsupport\samples\starter\win32\debug\starter.api
c:\users\rnain\downloads\acrobat_dc_sdk_windows_2021_v2\adobe\acrobat dc sdk\version 1\pluginsupport\samples\starter\win32\debug\starter.ilk
c:\users\rnain\downloads\acrobat_dc_sdk_windows_2021_v2\adobe\acrobat dc sdk\version 1\pluginsupport\samples\starter\win32\debug\starter.pdb
c:\users\rnain\downloads\acrobat_dc_sdk_windows_2021_v2\adobe\acrobat dc sdk\version 1\pluginsupport\samples\starter\win32\debug\starter.lib
c:\users\rnain\downloads\acrobat_dc_sdk_windows_2021_v2\adobe\acrobat dc sdk\version 1\pluginsupport\samples\starter\win32\debug\starter.exp
c:\users\rnain\downloads\acrobat_dc_sdk_windows_2021_v2\adobe\acrobat dc sdk\version 1\pluginsupport\samples\starter\win32\debug\starter.tlog\bscmake.command.1.tlog
c:\users\rnain\downloads\acrobat_dc_sdk_windows_2021_v2\adobe\acrobat dc sdk\version 1\pluginsupport\samples\starter\win32\debug\starter.tlog\bscmake.read.1.tlog
c:\users\rnain\downloads\acrobat_dc_sdk_windows_2021_v2\adobe\acrobat dc sdk\version 1\pluginsupport\samples\starter\win32\debug\starter.tlog\bscmake.write.1.tlog
c:\users\rnain\downloads\acrobat_dc_sdk_windows_2021_v2\adobe\acrobat dc sdk\version 1\pluginsupport\samples\starter\win32\debug\starter.tlog\cl.command.1.tlog
c:\users\rnain\downloads\acrobat_dc_sdk_windows_2021_v2\adobe\acrobat dc sdk\version 1\pluginsupport\samples\starter\win32\debug\starter.tlog\cl.read.1.tlog
c:\users\rnain\downloads\acrobat_dc_sdk_windows_2021_v2\adobe\acrobat dc sdk\version 1\pluginsupport\samples\starter\win32\debug\starter.tlog\cl.write.1.tlog
c:\users\rnain\downloads\acrobat_dc_sdk_windows_2021_v2\adobe\acrobat dc sdk\version 1\pluginsupport\samples\starter\win32\debug\starter.tlog\link.command.1.tlog
c:\users\rnain\downloads\acrobat_dc_sdk_windows_2021_v2\adobe\acrobat dc sdk\version 1\pluginsupport\samples\starter\win32\debug\starter.tlog\link.read.1.tlog
c:\users\rnain\downloads\acrobat_dc_sdk_windows_2021_v2\adobe\acrobat dc sdk\version 1\pluginsupport\samples\starter\win32\debug\starter.tlog\link.write.1.tlog
c:\users\rnain\downloads\acrobat_dc_sdk_windows_2021_v2\adobe\acrobat dc sdk\version 1\pluginsupport\samples\starter\win32\debug\starter.tlog\starter.write.1u.tlog
